#
# There is insufficient memory for the Java Runtime Environment to continue.
# Native memory allocation (malloc) failed to allocate 65552 bytes for Chunk::new
# Possible reasons:
#   The system is out of physical RAM or swap space
#   The process is running with CompressedOops enabled, and the Java Heap may be blocking the growth of the native heap
# Possible solutions:
#   Reduce memory load on the system
#   Increase physical memory or swap space
#   Check if swap backing store is full
#   Decrease Java heap size (-Xmx/-Xms)
#   Decrease number of Java threads
#   Decrease Java thread stack sizes (-Xss)
#   Set larger code cache with -XX:ReservedCodeCacheSize=
#   JVM is running with Unscaled Compressed Oops mode in which the Java heap is
#     placed in the first 4GB address space. The Java Heap base address is the
#     maximum limit for the native heap growth. Please use -XX:HeapBaseMinAddress
#     to set the Java Heap base and to place the Java Heap above 4GB virtual address.
# This output file may be truncated or incomplete.
#
#  Out of Memory Error (arena.cpp:184), pid=15472, tid=22560
#
# JRE version: Java(TM) SE Runtime Environment (20.0+36) (build 20+36-2344)
# Java VM: Java HotSpot(TM) 64-Bit Server VM (20+36-2344, mixed mode, sharing, tiered, compressed oops, compressed class ptrs, g1 gc, windows-amd64)
# No core dump will be written. Minidumps are not enabled by default on client versions of Windows
#

---------------  S U M M A R Y ------------

Command Line: -Dfile.encoding=UTF-8 --module-path=C:\Users\LENOVO\OneDrive\Documents\NetBeansProjects\Travel and Tourism Management System\build\classes travel.and.tourism.management.system.DeleteDetails

Host: AMD Ryzen 5 4600H with Radeon Graphics         , 12 cores, 7G,  Windows 11 , 64 bit Build 22621 (10.0.22621.3958)
Time: Tue Sep 17 02:46:31 2024 India Standard Time elapsed time: 0.482648 seconds (0d 0h 0m 0s)

---------------  T H R E A D  ---------------

Current thread (0x000001dcc71b75d0):  JavaThread "C2 CompilerThread1" daemon [_thread_in_native, id=22560, stack(0x000000d3af410000,0x000000d3af510000)]


Current CompileTask:
C2:    482  839       4       java.util.Properties::loadConvert (540 bytes)

Stack: [0x000000d3af410000,0x000000d3af510000]
Native frames: (J=compiled Java code, j=interpreted, Vv=VM code, C=native code)
V  [jvm.dll+0x6bb95a]
V  [jvm.dll+0x8483aa]
V  [jvm.dll+0x849fa5]
V  [jvm.dll+0x84a6a3]
V  [jvm.dll+0x280b0f]
V  [jvm.dll+0xc2b11]
V  [jvm.dll+0xc2e35]
V  [jvm.dll+0xc2c34]
V  [jvm.dll+0x6e022f]
V  [jvm.dll+0x1d2a93]
V  [jvm.dll+0x6deded]
V  [jvm.dll+0x644997]
V  [jvm.dll+0x24b080]
V  [jvm.dll+0x24a651]
V  [jvm.dll+0x1ce491]
V  [jvm.dll+0x259e1b]
V  [jvm.dll+0x2584f0]
V  [jvm.dll+0x3f2895]
V  [jvm.dll+0x7f4906]
V  [jvm.dll+0x6ba5cb]
C  [ucrtbase.dll+0x29333]
C  [KERNEL32.DLL+0x1257d]
C  [ntdll.dll+0x5af28]


---------------  P R O C E S S  ---------------

Threads class SMR info:
_java_thread_list=0x000001dccca97780, length=17, elements={
0x000001dcaa6bf330, 0x000001dcc719d530, 0x000001dcc719e130, 0x000001dcc71a1df0,
0x000001dcc71a6a00, 0x000001dcc71a7340, 0x000001dcc71a3870, 0x000001dcc71a9f10,
0x000001dcc71b8680, 0x000001dcc7163a10, 0x000001dccb54cc80, 0x000001dccb6b1fa0,
0x000001dccb73c1c0, 0x000001dccb73fc00, 0x000001dcccbc2030, 0x000001dcc71b75d0,
0x000001dcccc6ab10
}

Java Threads: ( => current thread )
  0x000001dcaa6bf330 JavaThread "main" [_thread_in_Java, id=11764, stack(0x000000d3adc00000,0x000000d3add00000)]
  0x000001dcc719d530 JavaThread "Reference Handler" daemon [_thread_blocked, id=1764, stack(0x000000d3ae300000,0x000000d3ae400000)]
  0x000001dcc719e130 JavaThread "Finalizer" daemon [_thread_blocked, id=6996, stack(0x000000d3ae400000,0x000000d3ae500000)]
  0x000001dcc71a1df0 JavaThread "Signal Dispatcher" daemon [_thread_blocked, id=26860, stack(0x000000d3ae500000,0x000000d3ae600000)]
  0x000001dcc71a6a00 JavaThread "Attach Listener" daemon [_thread_blocked, id=36096, stack(0x000000d3ae600000,0x000000d3ae700000)]
  0x000001dcc71a7340 JavaThread "Service Thread" daemon [_thread_blocked, id=33996, stack(0x000000d3ae700000,0x000000d3ae800000)]
  0x000001dcc71a3870 JavaThread "Monitor Deflation Thread" daemon [_thread_blocked, id=8832, stack(0x000000d3ae800000,0x000000d3ae900000)]
  0x000001dcc71a9f10 JavaThread "C2 CompilerThread0" daemon [_thread_in_native, id=15292, stack(0x000000d3ae900000,0x000000d3aea00000)]
  0x000001dcc71b8680 JavaThread "C1 CompilerThread0" daemon [_thread_blocked, id=37932, stack(0x000000d3aea00000,0x000000d3aeb00000)]
  0x000001dcc7163a10 JavaThread "Common-Cleaner" daemon [_thread_blocked, id=30604, stack(0x000000d3aeb00000,0x000000d3aec00000)]
  0x000001dccb54cc80 JavaThread "Notification Thread" daemon [_thread_blocked, id=8856, stack(0x000000d3aec00000,0x000000d3aed00000)]
  0x000001dccb6b1fa0 JavaThread "Java2D Disposer" daemon [_thread_blocked, id=1076, stack(0x000000d3aee00000,0x000000d3aef00000)]
  0x000001dccb73c1c0 JavaThread "AWT-Shutdown" [_thread_blocked, id=29108, stack(0x000000d3aef00000,0x000000d3af000000)]
  0x000001dccb73fc00 JavaThread "AWT-Windows" daemon [_thread_in_native, id=4228, stack(0x000000d3af000000,0x000000d3af100000)]
  0x000001dcccbc2030 JavaThread "Image Fetcher 0" daemon [_thread_blocked, id=34412, stack(0x000000d3af310000,0x000000d3af410000)]
=>0x000001dcc71b75d0 JavaThread "C2 CompilerThread1" daemon [_thread_in_native, id=22560, stack(0x000000d3af410000,0x000000d3af510000)]
  0x000001dcccc6ab10 JavaThread "mysql-cj-abandoned-connection-cleanup" daemon [_thread_blocked, id=30352, stack(0x000000d3af510000,0x000000d3af610000)]

Other Threads:
  0x000001dcc717b670 VMThread "VM Thread" [stack: 0x000000d3ae200000,0x000000d3ae300000] [id=2532]
  0x000001dccb53c070 WatcherThread "VM Periodic Task Thread" [stack: 0x000000d3aed00000,0x000000d3aee00000] [id=29296]
  0x000001dcaa71be70 WorkerThread "GC Thread#0" [stack: 0x000000d3add00000,0x000000d3ade00000] [id=26804]
  0x000001dcaa72b980 ConcurrentGCThread "G1 Main Marker" [stack: 0x000000d3ade00000,0x000000d3adf00000] [id=34992]
  0x000001dcaa72c550 WorkerThread "G1 Conc#0" [stack: 0x000000d3adf00000,0x000000d3ae000000] [id=34540]
  0x000001dcaa77e880 ConcurrentGCThread "G1 Refine#0" [stack: 0x000000d3ae000000,0x000000d3ae100000] [id=24532]
  0x000001dcc7038850 ConcurrentGCThread "G1 Service" [stack: 0x000000d3ae100000,0x000000d3ae200000] [id=35008]

Threads with active compile tasks:
C2 CompilerThread0      508  895       4       java.lang.StringBuilder::append (8 bytes)
C2 CompilerThread1      508  839       4       java.util.Properties::loadConvert (540 bytes)

VM state: not at safepoint (normal execution)

VM Mutex/Monitor currently owned by a thread: None

Heap address: 0x000000008a000000, size: 1888 MB, Compressed Oops mode: 32-bit

CDS archive(s) mapped at: [0x0000000800000000-0x0000000800c60000-0x0000000800c60000), size 12976128, SharedBaseAddress: 0x0000000800000000, ArchiveRelocationMode: 0.
Compressed class space mapped at: 0x0000000801000000-0x0000000841000000, reserved size: 1073741824
Narrow klass base: 0x0000000800000000, Narrow klass shift: 0, Narrow klass range: 0x100000000

GC Precious Log:
 CardTable entry size: 512
 Card Set container configuration: InlinePtr #cards 5 size 8 Array Of Cards #cards 12 size 40 Howl #buckets 4 coarsen threshold 1843 Howl Bitmap #cards 512 size 80 coarsen threshold 460 Card regions per heap region 1 cards per card region 2048
 CPUs: 12 total, 12 available
 Memory: 7549M
 Large Page Support: Disabled
 NUMA Support: Disabled
 Compressed Oops: Enabled (32-bit)
 Heap Region Size: 1M
 Heap Min Capacity: 8M
 Heap Initial Capacity: 118M
 Heap Max Capacity: 1888M
 Pre-touch: Disabled
 Parallel Workers: 10
 Concurrent Workers: 3
 Concurrent Refinement Workers: 10
 Periodic GC: Disabled

Heap:
 garbage-first heap   total 120832K, used 12288K [0x000000008a000000, 0x0000000100000000)
  region size 1024K, 14 young (14336K), 0 survivors (0K)
 Metaspace       used 6406K, committed 6656K, reserved 1114112K
  class space    used 658K, committed 768K, reserved 1048576K

Heap Regions: E=young(eden), S=young(survivor), O=old, HS=humongous(starts), HC=humongous(continues), CS=collection set, F=free, OA=open archive, CA=closed archive, TAMS=top-at-mark-start, PB=parsable bottom
|   0|0x000000008a000000, 0x000000008a000000, 0x000000008a100000|  0%| F|  |TAMS 0x000000008a000000| PB 0x000000008a000000| Untracked 
|   1|0x000000008a100000, 0x000000008a100000, 0x000000008a200000|  0%| F|  |TAMS 0x000000008a100000| PB 0x000000008a100000| Untracked 
|   2|0x000000008a200000, 0x000000008a200000, 0x000000008a300000|  0%| F|  |TAMS 0x000000008a200000| PB 0x000000008a200000| Untracked 
|   3|0x000000008a300000, 0x000000008a300000, 0x000000008a400000|  0%| F|  |TAMS 0x000000008a300000| PB 0x000000008a300000| Untracked 
|   4|0x000000008a400000, 0x000000008a400000, 0x000000008a500000|  0%| F|  |TAMS 0x000000008a400000| PB 0x000000008a400000| Untracked 
|   5|0x000000008a500000, 0x000000008a500000, 0x000000008a600000|  0%| F|  |TAMS 0x000000008a500000| PB 0x000000008a500000| Untracked 
|   6|0x000000008a600000, 0x000000008a600000, 0x000000008a700000|  0%| F|  |TAMS 0x000000008a600000| PB 0x000000008a600000| Untracked 
|   7|0x000000008a700000, 0x000000008a700000, 0x000000008a800000|  0%| F|  |TAMS 0x000000008a700000| PB 0x000000008a700000| Untracked 
|   8|0x000000008a800000, 0x000000008a800000, 0x000000008a900000|  0%| F|  |TAMS 0x000000008a800000| PB 0x000000008a800000| Untracked 
|   9|0x000000008a900000, 0x000000008a900000, 0x000000008aa00000|  0%| F|  |TAMS 0x000000008a900000| PB 0x000000008a900000| Untracked 
|  10|0x000000008aa00000, 0x000000008aa00000, 0x000000008ab00000|  0%| F|  |TAMS 0x000000008aa00000| PB 0x000000008aa00000| Untracked 
|  11|0x000000008ab00000, 0x000000008ab00000, 0x000000008ac00000|  0%| F|  |TAMS 0x000000008ab00000| PB 0x000000008ab00000| Untracked 
|  12|0x000000008ac00000, 0x000000008ac00000, 0x000000008ad00000|  0%| F|  |TAMS 0x000000008ac00000| PB 0x000000008ac00000| Untracked 
|  13|0x000000008ad00000, 0x000000008ad00000, 0x000000008ae00000|  0%| F|  |TAMS 0x000000008ad00000| PB 0x000000008ad00000| Untracked 
|  14|0x000000008ae00000, 0x000000008ae00000, 0x000000008af00000|  0%| F|  |TAMS 0x000000008ae00000| PB 0x000000008ae00000| Untracked 
|  15|0x000000008af00000, 0x000000008af00000, 0x000000008b000000|  0%| F|  |TAMS 0x000000008af00000| PB 0x000000008af00000| Untracked 
|  16|0x000000008b000000, 0x000000008b000000, 0x000000008b100000|  0%| F|  |TAMS 0x000000008b000000| PB 0x000000008b000000| Untracked 
|  17|0x000000008b100000, 0x000000008b100000, 0x000000008b200000|  0%| F|  |TAMS 0x000000008b100000| PB 0x000000008b100000| Untracked 
|  18|0x000000008b200000, 0x000000008b200000, 0x000000008b300000|  0%| F|  |TAMS 0x000000008b200000| PB 0x000000008b200000| Untracked 
|  19|0x000000008b300000, 0x000000008b300000, 0x000000008b400000|  0%| F|  |TAMS 0x000000008b300000| PB 0x000000008b300000| Untracked 
|  20|0x000000008b400000, 0x000000008b400000, 0x000000008b500000|  0%| F|  |TAMS 0x000000008b400000| PB 0x000000008b400000| Untracked 
|  21|0x000000008b500000, 0x000000008b500000, 0x000000008b600000|  0%| F|  |TAMS 0x000000008b500000| PB 0x000000008b500000| Untracked 
|  22|0x000000008b600000, 0x000000008b600000, 0x000000008b700000|  0%| F|  |TAMS 0x000000008b600000| PB 0x000000008b600000| Untracked 
|  23|0x000000008b700000, 0x000000008b700000, 0x000000008b800000|  0%| F|  |TAMS 0x000000008b700000| PB 0x000000008b700000| Untracked 
|  24|0x000000008b800000, 0x000000008b800000, 0x000000008b900000|  0%| F|  |TAMS 0x000000008b800000| PB 0x000000008b800000| Untracked 
|  25|0x000000008b900000, 0x000000008b900000, 0x000000008ba00000|  0%| F|  |TAMS 0x000000008b900000| PB 0x000000008b900000| Untracked 
|  26|0x000000008ba00000, 0x000000008ba00000, 0x000000008bb00000|  0%| F|  |TAMS 0x000000008ba00000| PB 0x000000008ba00000| Untracked 
|  27|0x000000008bb00000, 0x000000008bb00000, 0x000000008bc00000|  0%| F|  |TAMS 0x000000008bb00000| PB 0x000000008bb00000| Untracked 
|  28|0x000000008bc00000, 0x000000008bc00000, 0x000000008bd00000|  0%| F|  |TAMS 0x000000008bc00000| PB 0x000000008bc00000| Untracked 
|  29|0x000000008bd00000, 0x000000008bd00000, 0x000000008be00000|  0%| F|  |TAMS 0x000000008bd00000| PB 0x000000008bd00000| Untracked 
|  30|0x000000008be00000, 0x000000008be00000, 0x000000008bf00000|  0%| F|  |TAMS 0x000000008be00000| PB 0x000000008be00000| Untracked 
|  31|0x000000008bf00000, 0x000000008bf00000, 0x000000008c000000|  0%| F|  |TAMS 0x000000008bf00000| PB 0x000000008bf00000| Untracked 
|  32|0x000000008c000000, 0x000000008c000000, 0x000000008c100000|  0%| F|  |TAMS 0x000000008c000000| PB 0x000000008c000000| Untracked 
|  33|0x000000008c100000, 0x000000008c100000, 0x000000008c200000|  0%| F|  |TAMS 0x000000008c100000| PB 0x000000008c100000| Untracked 
|  34|0x000000008c200000, 0x000000008c200000, 0x000000008c300000|  0%| F|  |TAMS 0x000000008c200000| PB 0x000000008c200000| Untracked 
|  35|0x000000008c300000, 0x000000008c300000, 0x000000008c400000|  0%| F|  |TAMS 0x000000008c300000| PB 0x000000008c300000| Untracked 
|  36|0x000000008c400000, 0x000000008c400000, 0x000000008c500000|  0%| F|  |TAMS 0x000000008c400000| PB 0x000000008c400000| Untracked 
|  37|0x000000008c500000, 0x000000008c500000, 0x000000008c600000|  0%| F|  |TAMS 0x000000008c500000| PB 0x000000008c500000| Untracked 
|  38|0x000000008c600000, 0x000000008c600000, 0x000000008c700000|  0%| F|  |TAMS 0x000000008c600000| PB 0x000000008c600000| Untracked 
|  39|0x000000008c700000, 0x000000008c700000, 0x000000008c800000|  0%| F|  |TAMS 0x000000008c700000| PB 0x000000008c700000| Untracked 
|  40|0x000000008c800000, 0x000000008c800000, 0x000000008c900000|  0%| F|  |TAMS 0x000000008c800000| PB 0x000000008c800000| Untracked 
|  41|0x000000008c900000, 0x000000008c900000, 0x000000008ca00000|  0%| F|  |TAMS 0x000000008c900000| PB 0x000000008c900000| Untracked 
|  42|0x000000008ca00000, 0x000000008ca00000, 0x000000008cb00000|  0%| F|  |TAMS 0x000000008ca00000| PB 0x000000008ca00000| Untracked 
|  43|0x000000008cb00000, 0x000000008cb00000, 0x000000008cc00000|  0%| F|  |TAMS 0x000000008cb00000| PB 0x000000008cb00000| Untracked 
|  44|0x000000008cc00000, 0x000000008cc00000, 0x000000008cd00000|  0%| F|  |TAMS 0x000000008cc00000| PB 0x000000008cc00000| Untracked 
|  45|0x000000008cd00000, 0x000000008cd00000, 0x000000008ce00000|  0%| F|  |TAMS 0x000000008cd00000| PB 0x000000008cd00000| Untracked 
|  46|0x000000008ce00000, 0x000000008ce00000, 0x000000008cf00000|  0%| F|  |TAMS 0x000000008ce00000| PB 0x000000008ce00000| Untracked 
|  47|0x000000008cf00000, 0x000000008cf00000, 0x000000008d000000|  0%| F|  |TAMS 0x000000008cf00000| PB 0x000000008cf00000| Untracked 
|  48|0x000000008d000000, 0x000000008d000000, 0x000000008d100000|  0%| F|  |TAMS 0x000000008d000000| PB 0x000000008d000000| Untracked 
|  49|0x000000008d100000, 0x000000008d100000, 0x000000008d200000|  0%| F|  |TAMS 0x000000008d100000| PB 0x000000008d100000| Untracked 
|  50|0x000000008d200000, 0x000000008d200000, 0x000000008d300000|  0%| F|  |TAMS 0x000000008d200000| PB 0x000000008d200000| Untracked 
|  51|0x000000008d300000, 0x000000008d300000, 0x000000008d400000|  0%| F|  |TAMS 0x000000008d300000| PB 0x000000008d300000| Untracked 
|  52|0x000000008d400000, 0x000000008d400000, 0x000000008d500000|  0%| F|  |TAMS 0x000000008d400000| PB 0x000000008d400000| Untracked 
|  53|0x000000008d500000, 0x000000008d500000, 0x000000008d600000|  0%| F|  |TAMS 0x000000008d500000| PB 0x000000008d500000| Untracked 
|  54|0x000000008d600000, 0x000000008d600000, 0x000000008d700000|  0%| F|  |TAMS 0x000000008d600000| PB 0x000000008d600000| Untracked 
|  55|0x000000008d700000, 0x000000008d700000, 0x000000008d800000|  0%| F|  |TAMS 0x000000008d700000| PB 0x000000008d700000| Untracked 
|  56|0x000000008d800000, 0x000000008d800000, 0x000000008d900000|  0%| F|  |TAMS 0x000000008d800000| PB 0x000000008d800000| Untracked 
|  57|0x000000008d900000, 0x000000008d900000, 0x000000008da00000|  0%| F|  |TAMS 0x000000008d900000| PB 0x000000008d900000| Untracked 
|  58|0x000000008da00000, 0x000000008da00000, 0x000000008db00000|  0%| F|  |TAMS 0x000000008da00000| PB 0x000000008da00000| Untracked 
|  59|0x000000008db00000, 0x000000008db00000, 0x000000008dc00000|  0%| F|  |TAMS 0x000000008db00000| PB 0x000000008db00000| Untracked 
|  60|0x000000008dc00000, 0x000000008dc00000, 0x000000008dd00000|  0%| F|  |TAMS 0x000000008dc00000| PB 0x000000008dc00000| Untracked 
|  61|0x000000008dd00000, 0x000000008dd00000, 0x000000008de00000|  0%| F|  |TAMS 0x000000008dd00000| PB 0x000000008dd00000| Untracked 
|  62|0x000000008de00000, 0x000000008de00000, 0x000000008df00000|  0%| F|  |TAMS 0x000000008de00000| PB 0x000000008de00000| Untracked 
|  63|0x000000008df00000, 0x000000008df00000, 0x000000008e000000|  0%| F|  |TAMS 0x000000008df00000| PB 0x000000008df00000| Untracked 
|  64|0x000000008e000000, 0x000000008e000000, 0x000000008e100000|  0%| F|  |TAMS 0x000000008e000000| PB 0x000000008e000000| Untracked 
|  65|0x000000008e100000, 0x000000008e100000, 0x000000008e200000|  0%| F|  |TAMS 0x000000008e100000| PB 0x000000008e100000| Untracked 
|  66|0x000000008e200000, 0x000000008e200000, 0x000000008e300000|  0%| F|  |TAMS 0x000000008e200000| PB 0x000000008e200000| Untracked 
|  67|0x000000008e300000, 0x000000008e300000, 0x000000008e400000|  0%| F|  |TAMS 0x000000008e300000| PB 0x000000008e300000| Untracked 
|  68|0x000000008e400000, 0x000000008e400000, 0x000000008e500000|  0%| F|  |TAMS 0x000000008e400000| PB 0x000000008e400000| Untracked 
|  69|0x000000008e500000, 0x000000008e500000, 0x000000008e600000|  0%| F|  |TAMS 0x000000008e500000| PB 0x000000008e500000| Untracked 
|  70|0x000000008e600000, 0x000000008e600000, 0x000000008e700000|  0%| F|  |TAMS 0x000000008e600000| PB 0x000000008e600000| Untracked 
|  71|0x000000008e700000, 0x000000008e700000, 0x000000008e800000|  0%| F|  |TAMS 0x000000008e700000| PB 0x000000008e700000| Untracked 
|  72|0x000000008e800000, 0x000000008e800000, 0x000000008e900000|  0%| F|  |TAMS 0x000000008e800000| PB 0x000000008e800000| Untracked 
|  73|0x000000008e900000, 0x000000008e900000, 0x000000008ea00000|  0%| F|  |TAMS 0x000000008e900000| PB 0x000000008e900000| Untracked 
|  74|0x000000008ea00000, 0x000000008ea00000, 0x000000008eb00000|  0%| F|  |TAMS 0x000000008ea00000| PB 0x000000008ea00000| Untracked 
|  75|0x000000008eb00000, 0x000000008eb00000, 0x000000008ec00000|  0%| F|  |TAMS 0x000000008eb00000| PB 0x000000008eb00000| Untracked 
|  76|0x000000008ec00000, 0x000000008ec00000, 0x000000008ed00000|  0%| F|  |TAMS 0x000000008ec00000| PB 0x000000008ec00000| Untracked 
|  77|0x000000008ed00000, 0x000000008ed00000, 0x000000008ee00000|  0%| F|  |TAMS 0x000000008ed00000| PB 0x000000008ed00000| Untracked 
|  78|0x000000008ee00000, 0x000000008ee00000, 0x000000008ef00000|  0%| F|  |TAMS 0x000000008ee00000| PB 0x000000008ee00000| Untracked 
|  79|0x000000008ef00000, 0x000000008ef00000, 0x000000008f000000|  0%| F|  |TAMS 0x000000008ef00000| PB 0x000000008ef00000| Untracked 
|  80|0x000000008f000000, 0x000000008f000000, 0x000000008f100000|  0%| F|  |TAMS 0x000000008f000000| PB 0x000000008f000000| Untracked 
|  81|0x000000008f100000, 0x000000008f100000, 0x000000008f200000|  0%| F|  |TAMS 0x000000008f100000| PB 0x000000008f100000| Untracked 
|  82|0x000000008f200000, 0x000000008f200000, 0x000000008f300000|  0%| F|  |TAMS 0x000000008f200000| PB 0x000000008f200000| Untracked 
|  83|0x000000008f300000, 0x000000008f300000, 0x000000008f400000|  0%| F|  |TAMS 0x000000008f300000| PB 0x000000008f300000| Untracked 
|  84|0x000000008f400000, 0x000000008f400000, 0x000000008f500000|  0%| F|  |TAMS 0x000000008f400000| PB 0x000000008f400000| Untracked 
|  85|0x000000008f500000, 0x000000008f500000, 0x000000008f600000|  0%| F|  |TAMS 0x000000008f500000| PB 0x000000008f500000| Untracked 
|  86|0x000000008f600000, 0x000000008f600000, 0x000000008f700000|  0%| F|  |TAMS 0x000000008f600000| PB 0x000000008f600000| Untracked 
|  87|0x000000008f700000, 0x000000008f700000, 0x000000008f800000|  0%| F|  |TAMS 0x000000008f700000| PB 0x000000008f700000| Untracked 
|  88|0x000000008f800000, 0x000000008f800000, 0x000000008f900000|  0%| F|  |TAMS 0x000000008f800000| PB 0x000000008f800000| Untracked 
|  89|0x000000008f900000, 0x000000008f900000, 0x000000008fa00000|  0%| F|  |TAMS 0x000000008f900000| PB 0x000000008f900000| Untracked 
|  90|0x000000008fa00000, 0x000000008fa00000, 0x000000008fb00000|  0%| F|  |TAMS 0x000000008fa00000| PB 0x000000008fa00000| Untracked 
|  91|0x000000008fb00000, 0x000000008fb00000, 0x000000008fc00000|  0%| F|  |TAMS 0x000000008fb00000| PB 0x000000008fb00000| Untracked 
|  92|0x000000008fc00000, 0x000000008fc00000, 0x000000008fd00000|  0%| F|  |TAMS 0x000000008fc00000| PB 0x000000008fc00000| Untracked 
|  93|0x000000008fd00000, 0x000000008fd00000, 0x000000008fe00000|  0%| F|  |TAMS 0x000000008fd00000| PB 0x000000008fd00000| Untracked 
|  94|0x000000008fe00000, 0x000000008fe00000, 0x000000008ff00000|  0%| F|  |TAMS 0x000000008fe00000| PB 0x000000008fe00000| Untracked 
|  95|0x000000008ff00000, 0x000000008ff00000, 0x0000000090000000|  0%| F|  |TAMS 0x000000008ff00000| PB 0x000000008ff00000| Untracked 
|  96|0x0000000090000000, 0x0000000090000000, 0x0000000090100000|  0%| F|  |TAMS 0x0000000090000000| PB 0x0000000090000000| Untracked 
|  97|0x0000000090100000, 0x0000000090100000, 0x0000000090200000|  0%| F|  |TAMS 0x0000000090100000| PB 0x0000000090100000| Untracked 
|  98|0x0000000090200000, 0x0000000090200000, 0x0000000090300000|  0%| F|  |TAMS 0x0000000090200000| PB 0x0000000090200000| Untracked 
|  99|0x0000000090300000, 0x0000000090300000, 0x0000000090400000|  0%| F|  |TAMS 0x0000000090300000| PB 0x0000000090300000| Untracked 
| 100|0x0000000090400000, 0x0000000090400000, 0x0000000090500000|  0%| F|  |TAMS 0x0000000090400000| PB 0x0000000090400000| Untracked 
| 101|0x0000000090500000, 0x0000000090500000, 0x0000000090600000|  0%| F|  |TAMS 0x0000000090500000| PB 0x0000000090500000| Untracked 
| 102|0x0000000090600000, 0x0000000090600000, 0x0000000090700000|  0%| F|  |TAMS 0x0000000090600000| PB 0x0000000090600000| Untracked 
| 103|0x0000000090700000, 0x0000000090700000, 0x0000000090800000|  0%| F|  |TAMS 0x0000000090700000| PB 0x0000000090700000| Untracked 
| 104|0x0000000090800000, 0x00000000908771a0, 0x0000000090900000| 46%| E|  |TAMS 0x0000000090800000| PB 0x0000000090800000| Complete 
| 105|0x0000000090900000, 0x0000000090a00000, 0x0000000090a00000|100%| E|CS|TAMS 0x0000000090900000| PB 0x0000000090900000| Complete 
| 106|0x0000000090a00000, 0x0000000090b00000, 0x0000000090b00000|100%| E|CS|TAMS 0x0000000090a00000| PB 0x0000000090a00000| Complete 
| 107|0x0000000090b00000, 0x0000000090c00000, 0x0000000090c00000|100%| E|CS|TAMS 0x0000000090b00000| PB 0x0000000090b00000| Complete 
| 108|0x0000000090c00000, 0x0000000090d00000, 0x0000000090d00000|100%| E|  |TAMS 0x0000000090c00000| PB 0x0000000090c00000| Complete 
| 109|0x0000000090d00000, 0x0000000090e00000, 0x0000000090e00000|100%| E|CS|TAMS 0x0000000090d00000| PB 0x0000000090d00000| Complete 
| 110|0x0000000090e00000, 0x0000000090f00000, 0x0000000090f00000|100%| E|CS|TAMS 0x0000000090e00000| PB 0x0000000090e00000| Complete 
| 111|0x0000000090f00000, 0x0000000091000000, 0x0000000091000000|100%| E|CS|TAMS 0x0000000090f00000| PB 0x0000000090f00000| Complete 
| 112|0x0000000091000000, 0x0000000091100000, 0x0000000091100000|100%| E|CS|TAMS 0x0000000091000000| PB 0x0000000091000000| Complete 
| 113|0x0000000091100000, 0x0000000091200000, 0x0000000091200000|100%| E|CS|TAMS 0x0000000091100000| PB 0x0000000091100000| Complete 
| 114|0x0000000091200000, 0x0000000091300000, 0x0000000091300000|100%| E|CS|TAMS 0x0000000091200000| PB 0x0000000091200000| Complete 
| 115|0x0000000091300000, 0x0000000091400000, 0x0000000091400000|100%| E|CS|TAMS 0x0000000091300000| PB 0x0000000091300000| Complete 
| 116|0x0000000091400000, 0x0000000091500000, 0x0000000091500000|100%| E|CS|TAMS 0x0000000091400000| PB 0x0000000091400000| Complete 
| 117|0x0000000091500000, 0x0000000091600000, 0x0000000091600000|100%| E|CS|TAMS 0x0000000091500000| PB 0x0000000091500000| Complete 

Card table byte_map: [0x000001dcc2070000,0x000001dcc2420000] _byte_map_base: 0x000001dcc1c20000

Marking Bits: (CMBitMap*) 0x000001dcaa71c4a0
 Bits: [0x000001dcc27d0000, 0x000001dcc4550000)

Polling page: 0x000001dca8630000

Metaspace:

Usage:
  Non-class:      5.62 MB used.
      Class:    659.63 KB used.
       Both:      6.27 MB used.

Virtual space:
  Non-class space:       64.00 MB reserved,       5.75 MB (  9%) committed,  1 nodes.
      Class space:        1.00 GB reserved,     768.00 KB ( <1%) committed,  1 nodes.
             Both:        1.06 GB reserved,       6.50 MB ( <1%) committed. 

Chunk freelists:
   Non-Class:  2.05 MB
       Class:  3.14 MB
        Both:  5.19 MB

MaxMetaspaceSize: unlimited
CompressedClassSpaceSize: 1.00 GB
Initial GC threshold: 21.00 MB
Current GC threshold: 21.00 MB
CDS: on
MetaspaceReclaimPolicy: balanced
 - commit_granule_bytes: 65536.
 - commit_granule_words: 8192.
 - virtual_space_node_default_size: 8388608.
 - enlarge_chunks_in_place: 1.
 - new_chunks_are_fully_committed: 0.
 - uncommit_free_chunks: 1.
 - use_allocation_guard: 0.


Internal statistics:

num_allocs_failed_limit: 0.
num_arena_births: 148.
num_arena_deaths: 0.
num_vsnodes_births: 2.
num_vsnodes_deaths: 0.
num_space_committed: 104.
num_space_uncommitted: 0.
num_chunks_returned_to_freelist: 0.
num_chunks_taken_from_freelist: 217.
num_chunk_merges: 0.
num_chunk_splits: 142.
num_chunks_enlarged: 77.
num_inconsistent_stats: 0.

CodeHeap 'non-profiled nmethods': size=120000Kb used=284Kb max_used=284Kb free=119715Kb
 bounds [0x000001dcba240000, 0x000001dcba4b0000, 0x000001dcc1770000]
CodeHeap 'profiled nmethods': size=120000Kb used=1374Kb max_used=1374Kb free=118625Kb
 bounds [0x000001dcb2770000, 0x000001dcb29e0000, 0x000001dcb9ca0000]
CodeHeap 'non-nmethods': size=5760Kb used=1551Kb max_used=1565Kb free=4208Kb
 bounds [0x000001dcb9ca0000, 0x000001dcb9f10000, 0x000001dcba240000]
 total_blobs=1471 nmethods=900 adapters=482
 compilation: enabled
              stopped_count=0, restarted_count=0
 full_count=0

Compilation events (20 events):
Event: 0.468 Thread 0x000001dcc71b8680  840       3       java.lang.StringCoding::countPositives (33 bytes)
Event: 0.469 Thread 0x000001dcc71b8680 nmethod 840 0x000001dcb28aa590 code [0x000001dcb28aa720, 0x000001dcb28aa958]
Event: 0.469 Thread 0x000001dcc71b8680  841       3       java.lang.StringLatin1::inflate (34 bytes)
Event: 0.469 Thread 0x000001dcc71b8680 nmethod 841 0x000001dcb28aaa90 code [0x000001dcb28aac20, 0x000001dcb28aae28]
Event: 0.469 Thread 0x000001dcc71a9f10  842 %     4       java.util.Properties$LineReader::readLine @ 53 (584 bytes)
Event: 0.472 Thread 0x000001dcc71b8680  847       3       java.util.concurrent.ConcurrentHashMap$EntryIterator::next (5 bytes)
Event: 0.472 Thread 0x000001dcc71b8680 nmethod 847 0x000001dcb28aaf90 code [0x000001dcb28ab120, 0x000001dcb28ab258]
Event: 0.472 Thread 0x000001dcc71b8680  848       3       java.util.concurrent.ConcurrentHashMap$EntryIterator::next (51 bytes)
Event: 0.473 Thread 0x000001dcc71b8680 nmethod 848 0x000001dcb28ab310 code [0x000001dcb28ab4e0, 0x000001dcb28ab998]
Event: 0.473 Thread 0x000001dcc71b8680  849       3       java.util.concurrent.ConcurrentHashMap$MapEntry::<init> (20 bytes)
Event: 0.473 Thread 0x000001dcc71b8680 nmethod 849 0x000001dcb28abb10 code [0x000001dcb28abca0, 0x000001dcb28abf20]
Event: 0.473 Thread 0x000001dcc71b8680  850       3       jdk.internal.module.SystemModuleFinders$SystemModuleReader::containsImageLocation (42 bytes)
Event: 0.473 Thread 0x000001dcc71b8680 nmethod 850 0x000001dcb28ac010 code [0x000001dcb28ac220, 0x000001dcb28ac8c8]
Event: 0.478 Thread 0x000001dcc71b8680  851       3       java.lang.invoke.LambdaForm$Name::<init> (19 bytes)
Event: 0.478 Thread 0x000001dcc71b8680 nmethod 851 0x000001dcb28acb10 code [0x000001dcb28acd20, 0x000001dcb28ad3c8]
Event: 0.478 Thread 0x000001dcc71b8680  852       3       java.lang.invoke.InvokerBytecodeGenerator::emitStoreResult (27 bytes)
Event: 0.479 Thread 0x000001dcc71b8680 nmethod 852 0x000001dcb28ad710 code [0x000001dcb28ad8a0, 0x000001dcb28ada80]
Event: 0.479 Thread 0x000001dcc71b8680  853       3       java.lang.invoke.LambdaForm$NamedFunction::intrinsicName (21 bytes)
Event: 0.479 Thread 0x000001dcc71b8680 nmethod 853 0x000001dcb28adb90 code [0x000001dcb28add40, 0x000001dcb28adf90]
Event: 0.479 Thread 0x000001dcc71b8680  854       3       java.lang.StringBuilder::<init> (6 bytes)

GC Heap History (0 events):
No events

Dll operation events (8 events):
Event: 0.008 Loaded shared library C:\Program Files\Java\jdk-20\bin\java.dll
Event: 0.016 Loaded shared library C:\Program Files\Java\jdk-20\bin\jsvml.dll
Event: 0.053 Loaded shared library C:\Program Files\Java\jdk-20\bin\net.dll
Event: 0.056 Loaded shared library C:\Program Files\Java\jdk-20\bin\nio.dll
Event: 0.072 Loaded shared library C:\Program Files\Java\jdk-20\bin\zip.dll
Event: 0.081 Loaded shared library C:\Program Files\Java\jdk-20\bin\jimage.dll
Event: 0.093 Loaded shared library C:\Program Files\Java\jdk-20\bin\awt.dll
Event: 0.402 Loaded shared library C:\Program Files\Java\jdk-20\bin\javajpeg.dll

Deoptimization events (20 events):
Event: 0.448 Thread 0x000001dcaa6bf330 Uncommon trap: trap_request=0xffffffde fr.pc=0x000001dcba26e49c relative=0x00000000000002dc
Event: 0.448 Thread 0x000001dcaa6bf330 Uncommon trap: reason=class_check action=maybe_recompile pc=0x000001dcba26e49c method=java.util.regex.Pattern$BmpCharPropertyGreedy.match(Ljava/util/regex/Matcher;ILjava/lang/CharSequence;)Z @ 26 c2
Event: 0.448 Thread 0x000001dcaa6bf330 DEOPT PACKING pc=0x000001dcba26e49c sp=0x000000d3adcfeed0
Event: 0.448 Thread 0x000001dcaa6bf330 DEOPT UNPACKING pc=0x000001dcb9d09d22 sp=0x000000d3adcfee88 mode 2
Event: 0.454 Thread 0x000001dcaa6bf330 Uncommon trap: trap_request=0xffffffde fr.pc=0x000001dcba26e49c relative=0x00000000000002dc
Event: 0.454 Thread 0x000001dcaa6bf330 Uncommon trap: reason=class_check action=maybe_recompile pc=0x000001dcba26e49c method=java.util.regex.Pattern$BmpCharPropertyGreedy.match(Ljava/util/regex/Matcher;ILjava/lang/CharSequence;)Z @ 26 c2
Event: 0.454 Thread 0x000001dcaa6bf330 DEOPT PACKING pc=0x000001dcba26e49c sp=0x000000d3adcfedd0
Event: 0.454 Thread 0x000001dcaa6bf330 DEOPT UNPACKING pc=0x000001dcb9d09d22 sp=0x000000d3adcfed88 mode 2
Event: 0.454 Thread 0x000001dcaa6bf330 Uncommon trap: trap_request=0xffffffde fr.pc=0x000001dcba26e49c relative=0x00000000000002dc
Event: 0.454 Thread 0x000001dcaa6bf330 Uncommon trap: reason=class_check action=maybe_recompile pc=0x000001dcba26e49c method=java.util.regex.Pattern$BmpCharPropertyGreedy.match(Ljava/util/regex/Matcher;ILjava/lang/CharSequence;)Z @ 26 c2
Event: 0.454 Thread 0x000001dcaa6bf330 DEOPT PACKING pc=0x000001dcba26e49c sp=0x000000d3adcfedd0
Event: 0.454 Thread 0x000001dcaa6bf330 DEOPT UNPACKING pc=0x000001dcb9d09d22 sp=0x000000d3adcfed88 mode 2
Event: 0.454 Thread 0x000001dcaa6bf330 Uncommon trap: trap_request=0xffffffde fr.pc=0x000001dcba26e49c relative=0x00000000000002dc
Event: 0.455 Thread 0x000001dcaa6bf330 Uncommon trap: reason=class_check action=maybe_recompile pc=0x000001dcba26e49c method=java.util.regex.Pattern$BmpCharPropertyGreedy.match(Ljava/util/regex/Matcher;ILjava/lang/CharSequence;)Z @ 26 c2
Event: 0.455 Thread 0x000001dcaa6bf330 DEOPT PACKING pc=0x000001dcba26e49c sp=0x000000d3adcfecb0
Event: 0.455 Thread 0x000001dcaa6bf330 DEOPT UNPACKING pc=0x000001dcb9d09d22 sp=0x000000d3adcfec68 mode 2
Event: 0.464 Thread 0x000001dcaa6bf330 Uncommon trap: trap_request=0xffffffde fr.pc=0x000001dcba273cb8 relative=0x0000000000000298
Event: 0.464 Thread 0x000001dcaa6bf330 Uncommon trap: reason=class_check action=maybe_recompile pc=0x000001dcba273cb8 method=java.util.HashMap.getNode(Ljava/lang/Object;)Ljava/util/HashMap$Node; @ 63 c2
Event: 0.464 Thread 0x000001dcaa6bf330 DEOPT PACKING pc=0x000001dcba273cb8 sp=0x000000d3adcfbf50
Event: 0.464 Thread 0x000001dcaa6bf330 DEOPT UNPACKING pc=0x000001dcb9d09d22 sp=0x000000d3adcfbe58 mode 2

Classes loaded (20 events):
Event: 0.465 Loading class java/util/PropertyResourceBundle
Event: 0.465 Loading class java/util/PropertyResourceBundle done
Event: 0.465 Loading class sun/util/PropertyResourceBundleCharset
Event: 0.465 Loading class sun/util/PropertyResourceBundleCharset done
Event: 0.465 Loading class sun/util/PropertyResourceBundleCharset$PropertiesFileDecoder
Event: 0.465 Loading class sun/util/PropertyResourceBundleCharset$PropertiesFileDecoder done
Event: 0.473 Loading class java/text/MessageFormat
Event: 0.473 Loading class java/text/MessageFormat done
Event: 0.475 Loading class java/math/BigDecimal
Event: 0.476 Loading class java/math/BigDecimal done
Event: 0.477 Loading class java/math/MathContext
Event: 0.477 Loading class java/math/MathContext done
Event: 0.478 Loading class java/util/Collections$UnmodifiableMap$UnmodifiableEntrySet
Event: 0.478 Loading class java/util/Collections$UnmodifiableMap$UnmodifiableEntrySet done
Event: 0.478 Loading class java/util/Collections$UnmodifiableMap$UnmodifiableEntrySet$UnmodifiableEntrySetSpliterator
Event: 0.478 Loading class java/util/Collections$UnmodifiableMap$UnmodifiableEntrySet$UnmodifiableEntrySetSpliterator done
Event: 0.478 Loading class java/util/HashMap$EntrySpliterator
Event: 0.479 Loading class java/util/HashMap$EntrySpliterator done
Event: 0.479 Loading class java/lang/invoke/DirectMethodHandle$Special
Event: 0.479 Loading class java/lang/invoke/DirectMethodHandle$Special done

Classes unloaded (0 events):
No events

Classes redefined (0 events):
No events

Internal exceptions (16 events):
Event: 0.057 Thread 0x000001dcaa6bf330 Exception <a 'sun/nio/fs/WindowsException'{0x0000000091444818}> (0x0000000091444818) 
thrown [s\open\src\hotspot\share\prims\jni.cpp, line 519]
Event: 0.058 Thread 0x000001dcaa6bf330 Exception <a 'sun/nio/fs/WindowsException'{0x00000000914470a8}> (0x00000000914470a8) 
thrown [s\open\src\hotspot\share\prims\jni.cpp, line 519]
Event: 0.059 Thread 0x000001dcaa6bf330 Exception <a 'sun/nio/fs/WindowsException'{0x0000000091447db0}> (0x0000000091447db0) 
thrown [s\open\src\hotspot\share\prims\jni.cpp, line 519]
Event: 0.059 Thread 0x000001dcaa6bf330 Exception <a 'sun/nio/fs/WindowsException'{0x00000000914489e0}> (0x00000000914489e0) 
thrown [s\open\src\hotspot\share\prims\jni.cpp, line 519]
Event: 0.059 Thread 0x000001dcaa6bf330 Exception <a 'sun/nio/fs/WindowsException'{0x0000000091449648}> (0x0000000091449648) 
thrown [s\open\src\hotspot\share\prims\jni.cpp, line 519]
Event: 0.085 Thread 0x000001dcaa6bf330 Exception <a 'java/lang/ClassNotFoundException'{0x0000000091394f40}: sun/awt/resources/spi/awtProvider> (0x0000000091394f40) 
thrown [s\open\src\hotspot\share\classfile\systemDictionary.cpp, line 305]
Event: 0.101 Thread 0x000001dcaa6bf330 Exception <a 'java/io/FileNotFoundException'{0x00000000913eb598}> (0x00000000913eb598) 
thrown [s\open\src\hotspot\share\prims\jni.cpp, line 519]
Event: 0.106 Thread 0x000001dcaa6bf330 Exception <a 'java/io/FileNotFoundException'{0x0000000091215cf8}> (0x0000000091215cf8) 
thrown [s\open\src\hotspot\share\prims\jni.cpp, line 519]
Event: 0.305 Thread 0x000001dcaa6bf330 Exception <a 'java/lang/NoSuchMethodError'{0x0000000091134f10}: 'void java.lang.invoke.DirectMethodHandle$Holder.invokeSpecial(java.lang.Object, java.lang.Object, java.lang.Object)'> (0x0000000091134f10) 
thrown [s\open\src\hotspot\share\interpreter\linkResolver.cpp, line 773]
Event: 0.311 Thread 0x000001dcaa6bf330 Exception <a 'java/lang/NoSuchMethodError'{0x000000009115f690}: 'java.lang.Object java.lang.invoke.DirectMethodHandle$Holder.newInvokeSpecial(java.lang.Object, java.lang.Object, java.lang.Object, java.lang.Object, java.lang.Object)'> (0x000000009115f690) 
thrown [s\open\src\hotspot\share\interpreter\linkResolver.cpp, line 773]
Event: 0.317 Thread 0x000001dcaa6bf330 Exception <a 'java/lang/NoSuchMethodError'{0x0000000091190308}: 'java.lang.Object java.lang.invoke.DirectMethodHandle$Holder.invokeStatic(java.lang.Object, int, java.lang.Object)'> (0x0000000091190308) 
thrown [s\open\src\hotspot\share\interpreter\linkResolver.cpp, line 773]
Event: 0.338 Thread 0x000001dcaa6bf330 Exception <a 'java/lang/ClassNotFoundException'{0x000000009104b920}: com/sun/swing/internal/plaf/metal/resources/spi/metalProvider> (0x000000009104b920) 
thrown [s\open\src\hotspot\share\classfile\systemDictionary.cpp, line 305]
Event: 0.339 Thread 0x000001dcaa6bf330 Exception <a 'java/lang/ClassNotFoundException'{0x000000009104f880}: com/sun/swing/internal/plaf/basic/resources/spi/basicProvider> (0x000000009104f880) 
thrown [s\open\src\hotspot\share\classfile\systemDictionary.cpp, line 305]
Event: 0.345 Thread 0x000001dcaa6bf330 Exception <a 'java/lang/NoSuchMethodError'{0x000000009106ea00}: 'int java.lang.invoke.Invokers$Holder.invokeExact_MT(java.lang.Object, java.lang.Object)'> (0x000000009106ea00) 
thrown [s\open\src\hotspot\share\interpreter\linkResolver.cpp, line 773]
Event: 0.404 Thread 0x000001dcccbc2030 Exception <a 'java/lang/NoSuchMethodError'{0x0000000090e8b690}: 'java.lang.Object java.lang.invoke.DirectMethodHandle$Holder.newInvokeSpecial(java.lang.Object, java.lang.Object, java.lang.Object, int, int, int, int, int)'> (0x0000000090e8b690) 
thrown [s\open\src\hotspot\share\interpreter\linkResolver.cpp, line 773]
Event: 0.461 Thread 0x000001dcaa6bf330 Exception <a 'java/lang/NoSuchMethodError'{0x0000000090a6c328}: 'java.lang.Object java.lang.invoke.DirectMethodHandle$Holder.invokeInterface(java.lang.Object, java.lang.Object)'> (0x0000000090a6c328) 
thrown [s\open\src\hotspot\share\interpreter\linkResolver.cpp, line 773]

VM Operations (10 events):
Event: 0.060 Executing VM operation: HandshakeAllThreads
Event: 0.060 Executing VM operation: HandshakeAllThreads done
Event: 0.111 Executing VM operation: HandshakeAllThreads
Event: 0.111 Executing VM operation: HandshakeAllThreads done
Event: 0.350 Executing VM operation: HandshakeAllThreads
Event: 0.350 Executing VM operation: HandshakeAllThreads done
Event: 0.390 Executing VM operation: HandshakeAllThreads
Event: 0.390 Executing VM operation: HandshakeAllThreads done
Event: 0.445 Executing VM operation: HandshakeAllThreads
Event: 0.445 Executing VM operation: HandshakeAllThreads done

Events (17 events):
Event: 0.016 Thread 0x000001dcaa6bf330 Thread added: 0x000001dcaa6bf330
Event: 0.026 Thread 0x000001dcc719d530 Thread added: 0x000001dcc719d530
Event: 0.026 Thread 0x000001dcc719e130 Thread added: 0x000001dcc719e130
Event: 0.027 Thread 0x000001dcc71a1df0 Thread added: 0x000001dcc71a1df0
Event: 0.027 Thread 0x000001dcc71a6a00 Thread added: 0x000001dcc71a6a00
Event: 0.027 Thread 0x000001dcc71a7340 Thread added: 0x000001dcc71a7340
Event: 0.027 Thread 0x000001dcc71a3870 Thread added: 0x000001dcc71a3870
Event: 0.027 Thread 0x000001dcc71a9f10 Thread added: 0x000001dcc71a9f10
Event: 0.027 Thread 0x000001dcc71b8680 Thread added: 0x000001dcc71b8680
Event: 0.044 Thread 0x000001dcc7163a10 Thread added: 0x000001dcc7163a10
Event: 0.067 Thread 0x000001dccb54cc80 Thread added: 0x000001dccb54cc80
Event: 0.137 Thread 0x000001dccb6b1fa0 Thread added: 0x000001dccb6b1fa0
Event: 0.138 Thread 0x000001dccb73c1c0 Thread added: 0x000001dccb73c1c0
Event: 0.140 Thread 0x000001dccb73fc00 Thread added: 0x000001dccb73fc00
Event: 0.356 Thread 0x000001dcccbc2030 Thread added: 0x000001dcccbc2030
Event: 0.382 Thread 0x000001dcc71b75d0 Thread added: 0x000001dcc71b75d0
Event: 0.434 Thread 0x000001dcccc6ab10 Thread added: 0x000001dcccc6ab10


Dynamic libraries:
0x00007ff75a530000 - 0x00007ff75a540000 	C:\Program Files\Java\jdk-20\bin\java.exe
0x00007ffd404f0000 - 0x00007ffd40707000 	C:\WINDOWS\SYSTEM32\ntdll.dll
0x00007ffd3fe30000 - 0x00007ffd3fef4000 	C:\WINDOWS\System32\KERNEL32.DLL
0x00007ffd3d8b0000 - 0x00007ffd3dc5d000 	C:\WINDOWS\System32\KERNELBASE.dll
0x00007ffd3dc60000 - 0x00007ffd3dd71000 	C:\WINDOWS\System32\ucrtbase.dll
0x00007ffd1ffa0000 - 0x00007ffd1ffb9000 	C:\Program Files\Java\jdk-20\bin\jli.dll
0x00007ffd37010000 - 0x00007ffd3702b000 	C:\Program Files\Java\jdk-20\bin\VCRUNTIME140.dll
0x00007ffd3e560000 - 0x00007ffd3e612000 	C:\WINDOWS\System32\ADVAPI32.dll
0x00007ffd40220000 - 0x00007ffd402c7000 	C:\WINDOWS\System32\msvcrt.dll
0x00007ffd403d0000 - 0x00007ffd40479000 	C:\WINDOWS\System32\sechost.dll
0x00007ffd3e150000 - 0x00007ffd3e178000 	C:\WINDOWS\System32\bcrypt.dll
0x00007ffd3e620000 - 0x00007ffd3e734000 	C:\WINDOWS\System32\RPCRT4.dll
0x00007ffd3f270000 - 0x00007ffd3f41e000 	C:\WINDOWS\System32\USER32.dll
0x00007ffd3e180000 - 0x00007ffd3e1a6000 	C:\WINDOWS\System32\win32u.dll
0x00007ffd3e8a0000 - 0x00007ffd3e8c9000 	C:\WINDOWS\System32\GDI32.dll
0x00007ffd1e120000 - 0x00007ffd1e3b3000 	C:\WINDOWS\WinSxS\amd64_microsoft.windows.common-controls_6595b64144ccf1df_6.0.22621.3672_none_2713b9d173822955\COMCTL32.dll
0x00007ffd3dd80000 - 0x00007ffd3de99000 	C:\WINDOWS\System32\gdi32full.dll
0x00007ffd3d810000 - 0x00007ffd3d8aa000 	C:\WINDOWS\System32\msvcp_win.dll
0x00007ffd36a60000 - 0x00007ffd36a6a000 	C:\WINDOWS\SYSTEM32\VERSION.dll
0x00007ffd3f8a0000 - 0x00007ffd3f8d1000 	C:\WINDOWS\System32\IMM32.DLL
0x00007ffd37050000 - 0x00007ffd3705c000 	C:\Program Files\Java\jdk-20\bin\vcruntime140_1.dll
0x00007ffd16520000 - 0x00007ffd165ae000 	C:\Program Files\Java\jdk-20\bin\msvcp140.dll
0x00007ffcb6bd0000 - 0x00007ffcb7867000 	C:\Program Files\Java\jdk-20\bin\server\jvm.dll
0x00007ffd33940000 - 0x00007ffd33949000 	C:\WINDOWS\SYSTEM32\WSOCK32.dll
0x00007ffd37c50000 - 0x00007ffd37c84000 	C:\WINDOWS\SYSTEM32\WINMM.dll
0x00007ffd400c0000 - 0x00007ffd40131000 	C:\WINDOWS\System32\WS2_32.dll
0x00007ffd3c870000 - 0x00007ffd3c888000 	C:\WINDOWS\SYSTEM32\kernel.appcore.dll
0x00007ffd354b0000 - 0x00007ffd354ba000 	C:\Program Files\Java\jdk-20\bin\jimage.dll
0x00007ffd3b1f0000 - 0x00007ffd3b422000 	C:\WINDOWS\SYSTEM32\DBGHELP.DLL
0x00007ffd3f8e0000 - 0x00007ffd3fc6e000 	C:\WINDOWS\System32\combase.dll
0x00007ffd3e3d0000 - 0x00007ffd3e4a7000 	C:\WINDOWS\System32\OLEAUT32.dll
0x00007ffd34d40000 - 0x00007ffd34d72000 	C:\WINDOWS\SYSTEM32\dbgcore.DLL
0x00007ffd3e010000 - 0x00007ffd3e08b000 	C:\WINDOWS\System32\bcryptPrimitives.dll
0x00007ffd288a0000 - 0x00007ffd288c6000 	C:\Program Files\Java\jdk-20\bin\java.dll
0x00007ffd165b0000 - 0x00007ffd16687000 	C:\Program Files\Java\jdk-20\bin\jsvml.dll
0x00007ffd3e9e0000 - 0x00007ffd3f247000 	C:\WINDOWS\System32\SHELL32.dll
0x00007ffd3b750000 - 0x00007ffd3c04f000 	C:\WINDOWS\SYSTEM32\windows.storage.dll
0x00007ffd3b610000 - 0x00007ffd3b74f000 	C:\WINDOWS\SYSTEM32\wintypes.dll
0x00007ffd3e8d0000 - 0x00007ffd3e9c9000 	C:\WINDOWS\System32\SHCORE.dll
0x00007ffd402d0000 - 0x00007ffd4032e000 	C:\WINDOWS\System32\shlwapi.dll
0x00007ffd3d740000 - 0x00007ffd3d767000 	C:\WINDOWS\SYSTEM32\profapi.dll
0x00007ffd34560000 - 0x00007ffd34573000 	C:\Program Files\Java\jdk-20\bin\net.dll
0x00007ffd38dc0000 - 0x00007ffd38ef6000 	C:\WINDOWS\SYSTEM32\WINHTTP.dll
0x00007ffd3cd80000 - 0x00007ffd3cde9000 	C:\WINDOWS\system32\mswsock.dll
0x00007ffd332f0000 - 0x00007ffd33306000 	C:\Program Files\Java\jdk-20\bin\nio.dll
0x00007ffd2b9a0000 - 0x00007ffd2b9b8000 	C:\Program Files\Java\jdk-20\bin\zip.dll
0x00007ffcdff10000 - 0x00007ffce00a1000 	C:\Program Files\Java\jdk-20\bin\awt.dll
0x00007ffd373a0000 - 0x00007ffd37437000 	C:\WINDOWS\SYSTEM32\apphelp.dll
0x00007ffd3ab70000 - 0x00007ffd3ab9b000 	C:\WINDOWS\system32\DWMAPI.DLL
0x00007ffd3a8e0000 - 0x00007ffd3a991000 	C:\WINDOWS\system32\uxtheme.dll
0x00007ffd0eed0000 - 0x00007ffd0efd0000 	C:\WINDOWS\system32\opengl32.dll
0x00007ffd17e80000 - 0x00007ffd17ead000 	C:\WINDOWS\SYSTEM32\GLU32.dll
0x00007ffd3abe0000 - 0x00007ffd3ac17000 	C:\WINDOWS\SYSTEM32\dxcore.dll
0x00007ffd3e740000 - 0x00007ffd3e89e000 	C:\WINDOWS\System32\MSCTF.dll
0x00007ffd3ff10000 - 0x00007ffd400b5000 	C:\WINDOWS\System32\ole32.dll
0x00007ffd1c4f0000 - 0x00007ffd1c698000 	C:\WINDOWS\system32\d3d9.dll
0x00007ffd30f30000 - 0x00007ffd31036000 	C:\WINDOWS\System32\DriverStore\FileRepository\nvlt.inf_amd64_6e978b1ba87faf07\nvldumdx.dll
0x00007ffd3d050000 - 0x00007ffd3d062000 	C:\WINDOWS\SYSTEM32\msasn1.dll
0x00007ffd361b0000 - 0x00007ffd361e2000 	C:\WINDOWS\SYSTEM32\cryptnet.dll
0x00007ffd3dea0000 - 0x00007ffd3e006000 	C:\WINDOWS\System32\CRYPT32.dll
0x00007ffd32340000 - 0x00007ffd324a2000 	C:\WINDOWS\SYSTEM32\drvstore.dll
0x00007ffd3d4d0000 - 0x00007ffd3d4fc000 	C:\WINDOWS\SYSTEM32\devobj.dll
0x00007ffd3d500000 - 0x00007ffd3d54e000 	C:\WINDOWS\SYSTEM32\CFGMGR32.dll
0x00007ffd3d0e0000 - 0x00007ffd3d129000 	C:\WINDOWS\SYSTEM32\wldp.dll
0x00007ffd3cfe0000 - 0x00007ffd3cfec000 	C:\WINDOWS\SYSTEM32\cryptbase.dll
0x00007ffd3e1b0000 - 0x00007ffd3e21b000 	C:\WINDOWS\System32\WINTRUST.DLL
0x00007ffd40490000 - 0x00007ffd404af000 	C:\WINDOWS\System32\imagehlp.dll
0x00007ffd3cfc0000 - 0x00007ffd3cfdb000 	C:\WINDOWS\SYSTEM32\CRYPTSP.dll
0x00007ffd3c890000 - 0x00007ffd3c8c5000 	C:\WINDOWS\system32\rsaenh.dll
0x00007ffca9a50000 - 0x00007ffcab301000 	C:\WINDOWS\System32\DriverStore\FileRepository\nvlt.inf_amd64_6e978b1ba87faf07\nvd3dumx.dll
0x00007ffd34220000 - 0x00007ffd34269000 	C:\WINDOWS\SYSTEM32\directxdatabasehelper.dll
0x00007ffd00940000 - 0x00007ffd00bee000 	C:\WINDOWS\system32\nvspcap64.dll
0x00007ffd3ca30000 - 0x00007ffd3ca64000 	C:\WINDOWS\SYSTEM32\ntmarta.dll
0x00007ffd3ce10000 - 0x00007ffd3ce36000 	C:\WINDOWS\SYSTEM32\gpapi.dll
0x00007ffd179a0000 - 0x00007ffd179ce000 	C:\Program Files\Java\jdk-20\bin\javajpeg.dll

dbghelp: loaded successfully - version: 4.0.5 - missing functions: none
symbol engine: initialized successfully - sym options: 0x614 - pdb path: .;C:\Program Files\Java\jdk-20\bin;C:\WINDOWS\SYSTEM32;C:\WINDOWS\WinSxS\amd64_microsoft.windows.common-controls_6595b64144ccf1df_6.0.22621.3672_none_2713b9d173822955;C:\Program Files\Java\jdk-20\bin\server;C:\WINDOWS\System32\DriverStore\FileRepository\nvlt.inf_amd64_6e978b1ba87faf07

VM Arguments:
jvm_args: -Dfile.encoding=UTF-8 --module-path=C:\Users\LENOVO\OneDrive\Documents\NetBeansProjects\Travel and Tourism Management System\build\classes 
java_command: travel.and.tourism.management.system.DeleteDetails
java_class_path (initial): C:\Users\LENOVO\Downloads\mysql-connector-java-8.0.28.jar;C:\Users\LENOVO\OneDrive\Documents\NetBeansProjects\Travel and Tourism Management System\build\classes
Launcher Type: SUN_STANDARD

[Global flags]
     intx CICompilerCount                          = 4                                         {product} {ergonomic}
     uint ConcGCThreads                            = 3                                         {product} {ergonomic}
     uint G1ConcRefinementThreads                  = 10                                        {product} {ergonomic}
   size_t G1HeapRegionSize                         = 1048576                                   {product} {ergonomic}
    uintx GCDrainStackTargetSize                   = 64                                        {product} {ergonomic}
   size_t InitialHeapSize                          = 123731968                                 {product} {ergonomic}
   size_t MarkStackSize                            = 4194304                                   {product} {ergonomic}
   size_t MaxHeapSize                              = 1979711488                                {product} {ergonomic}
   size_t MaxNewSize                               = 1186988032                                {product} {ergonomic}
   size_t MinHeapDeltaBytes                        = 1048576                                   {product} {ergonomic}
   size_t MinHeapSize                              = 8388608                                   {product} {ergonomic}
    uintx NonNMethodCodeHeapSize                   = 5839372                                {pd product} {ergonomic}
    uintx NonProfiledCodeHeapSize                  = 122909434                              {pd product} {ergonomic}
    uintx ProfiledCodeHeapSize                     = 122909434                              {pd product} {ergonomic}
    uintx ReservedCodeCacheSize                    = 251658240                              {pd product} {ergonomic}
     bool SegmentedCodeCache                       = true                                      {product} {ergonomic}
   size_t SoftMaxHeapSize                          = 1979711488                             {manageable} {ergonomic}
     bool UseCompressedClassPointers               = true                           {product lp64_product} {ergonomic}
     bool UseCompressedOops                        = true                           {product lp64_product} {ergonomic}
     bool UseG1GC                                  = true                                      {product} {ergonomic}
     bool UseLargePagesIndividualAllocation        = false                                  {pd product} {ergonomic}

Logging:
Log output configuration:
 #0: stdout all=warning uptime,level,tags foldmultilines=false
 #1: stderr all=off uptime,level,tags foldmultilines=false

Environment Variables:
JAVA_HOME=C:\Program Files\Java\jdk-20
PATH=C:\Program Files\Common Files\Oracle\Java\javapath;C:\Windows\system32;C:\Windows;C:\Windows\System32\Wbem;C:\Windows\System32\WindowsPowerShell\v1.0\;C:\Windows\System32\OpenSSH\;C:\Program Files (x86)\NVIDIA Corporation\PhysX\Common;C:\Program Files\NVIDIA Corporation\NVIDIA NvDLISR;C:\Program Files\dotnet\;C:\Program Files (x86)\mingw-w64\i686-8.1.0-posix-dwarf-rt_v6-rev0\mingw32\bin;C:\Program Files\Java\jdk-18.0.2\bin;C:\WINDOWS\system32;C:\WINDOWS;C:\WINDOWS\System32\Wbem;C:\WINDOWS\System32\WindowsPowerShell\v1.0\;C:\WINDOWS\System32\OpenSSH\;C:\Program Files\MySQL\MySQL Server 8.0\bin;C:\Program Files\Java\jdk-20\bin;C:\Program Files\Common Files\Oracle\Java\javapath;C:\Program Files\Docker\Docker\resources\bin;C:\Program Files\nodejs\;C:\ProgramData\chocolatey\bin;C:\Program Files\Git\cmd;C:\Program Files\MongoDB\Server\7.0\bin;C:\Users\LENOVO\anaconda3;C:\Users\LENOVO\anaconda3\Library\mingw-w64\bin;C:\Users\LENOVO\anaconda3\Library\usr\bin;C:\Users\LENOVO\anaconda3\Library\bin;C:\Users\LENOVO\anaconda3\Scripts;C:\Users\LENOVO\AppData\Local\Programs\Python\Python311\Scripts\;C:\Users\LENOVO\AppData\Local\Programs\Python\Python311\;C:\Program Files\MySQL\MySQL Shell 8.0\bin\;C:\Users\LENOVO\AppData\Local\Microsoft\WindowsApps;C:\Users\LENOVO\AppData\Local\Programs\Microsoft VS Code\bin;C:\Program Files (x86)\mingw-w64\i686-8.1.0-posix-dwarf-rt_v6-rev0\mingw32\bin;C:\Users\LENOVO\AppData\Roaming\npm;C:\Users\LENOVO\AppData\Local\Programs\mongosh\
USERNAME=LENOVO
OS=Windows_NT
PROCESSOR_IDENTIFIER=AMD64 Family 23 Model 96 Stepping 1, AuthenticAMD
TMP=C:\Users\LENOVO\AppData\Local\Temp
TEMP=C:\Users\LENOVO\AppData\Local\Temp




---------------  S Y S T E M  ---------------

OS:
 Windows 11 , 64 bit Build 22621 (10.0.22621.3958)
OS uptime: 3 days 0:20 hours
Hyper-V role detected

CPU: total 12 (initial active 12) (12 cores per cpu, 2 threads per core) family 23 model 96 stepping 1 microcode 0x0, cx8, cmov, fxsr, ht, mmx, 3dnowpref, sse, sse2, sse3, ssse3, sse4a, sse4.1, sse4.2, popcnt, lzcnt, tsc, tscinvbit, avx, avx2, aes, clmul, bmi1, bmi2, adx, sha, fma, vzeroupper, clflush, clflushopt, hv, rdtscp, rdpid, f16c

Memory: 4k page, system-wide physical 7549M (473M free)
TotalPageFile size 31101M (AvailPageFile size 1M)
current process WorkingSet (physical memory assigned to process): 77M, peak: 77M
current process commit charge ("private bytes"): 227M, peak: 227M

vm_info: Java HotSpot(TM) 64-Bit Server VM (20+36-2344) for windows-amd64 JRE (20+36-2344), built on 2023-02-10T19:30:15Z by "mach5one" with MS VC++ 17.1 (VS2022)

END.
